{"/Users/williamliang/Documents/toy-promise/js/src/toyPromise.js": {"path":"/Users/williamliang/Documents/toy-promise/js/src/toyPromise.js","statementMap":{"0":{"start":{"line":3,"column":0},"end":{"line":43,"column":8}},"1":{"start":{"line":6,"column":12},"end":{"line":6,"column":31}},"2":{"start":{"line":8,"column":12},"end":{"line":8,"column":43}},"3":{"start":{"line":10,"column":12},"end":{"line":10,"column":38}},"4":{"start":{"line":14,"column":12},"end":{"line":14,"column":48}},"5":{"start":{"line":20,"column":8},"end":{"line":23,"column":10}},"6":{"start":{"line":21,"column":12},"end":{"line":21,"column":51}},"7":{"start":{"line":22,"column":12},"end":{"line":22,"column":49}},"8":{"start":{"line":24,"column":8},"end":{"line":30,"column":10}},"9":{"start":{"line":26,"column":12},"end":{"line":29,"column":13}},"10":{"start":{"line":27,"column":16},"end":{"line":27,"column":44}},"11":{"start":{"line":28,"column":16},"end":{"line":28,"column":48}},"12":{"start":{"line":31,"column":8},"end":{"line":37,"column":10}},"13":{"start":{"line":33,"column":12},"end":{"line":36,"column":13}},"14":{"start":{"line":34,"column":16},"end":{"line":34,"column":44}},"15":{"start":{"line":35,"column":16},"end":{"line":35,"column":48}},"16":{"start":{"line":38,"column":8},"end":{"line":38,"column":24}}},"fnMap":{"0":{"name":"(anonymous_0)","decl":{"start":{"line":3,"column":38},"end":{"line":3,"column":39}},"loc":{"start":{"line":3,"column":50},"end":{"line":39,"column":5}},"line":3},"1":{"name":"MPromise","decl":{"start":{"line":4,"column":17},"end":{"line":4,"column":25}},"loc":{"start":{"line":4,"column":36},"end":{"line":15,"column":9}},"line":4},"2":{"name":"(anonymous_2)","decl":{"start":{"line":20,"column":41},"end":{"line":20,"column":42}},"loc":{"start":{"line":20,"column":53},"end":{"line":23,"column":9}},"line":20},"3":{"name":"(anonymous_3)","decl":{"start":{"line":24,"column":37},"end":{"line":24,"column":38}},"loc":{"start":{"line":24,"column":55},"end":{"line":30,"column":9}},"line":24},"4":{"name":"(anonymous_4)","decl":{"start":{"line":31,"column":36},"end":{"line":31,"column":37}},"loc":{"start":{"line":31,"column":54},"end":{"line":37,"column":9}},"line":31}},"branchMap":{"0":{"loc":{"start":{"line":26,"column":12},"end":{"line":29,"column":13}},"type":"if","locations":[{"start":{"line":26,"column":12},"end":{"line":29,"column":13}},{"start":{"line":26,"column":12},"end":{"line":29,"column":13}}],"line":26},"1":{"loc":{"start":{"line":33,"column":12},"end":{"line":36,"column":13}},"type":"if","locations":[{"start":{"line":33,"column":12},"end":{"line":36,"column":13}},{"start":{"line":33,"column":12},"end":{"line":36,"column":13}}],"line":33}},"s":{"0":1,"1":2,"2":2,"3":2,"4":2,"5":1,"6":2,"7":2,"8":1,"9":2,"10":1,"11":1,"12":1,"13":2,"14":1,"15":1,"16":1},"f":{"0":1,"1":2,"2":2,"3":2,"4":2},"b":{"0":[1,1],"1":[1,1]},"_coverageSchema":"1a1c01bbd47fc00a2c39e90264f33305004495a9","hash":"f5c07d53affe08396c473d9a34b70ac1a2243372"}
}
