{"/Users/apple/Documents/toy-promise/src/toyPromise.ts": {"path":"/Users/apple/Documents/toy-promise/src/toyPromise.ts","statementMap":{"0":{"start":{"line":16,"column":0},"end":{"line":16,"column":21}},"1":{"start":{"line":26,"column":4},"end":{"line":26,"column":null}},"2":{"start":{"line":29,"column":4},"end":{"line":29,"column":null}},"3":{"start":{"line":32,"column":4},"end":{"line":32,"column":null}},"4":{"start":{"line":33,"column":4},"end":{"line":33,"column":null}},"5":{"start":{"line":38,"column":4},"end":{"line":42,"column":null}},"6":{"start":{"line":39,"column":6},"end":{"line":39,"column":null}},"7":{"start":{"line":41,"column":6},"end":{"line":41,"column":25}},"8":{"start":{"line":49,"column":2},"end":{"line":52,"column":null}},"9":{"start":{"line":50,"column":4},"end":{"line":50,"column":null}},"10":{"start":{"line":51,"column":4},"end":{"line":51,"column":null}},"11":{"start":{"line":54,"column":2},"end":{"line":60,"column":null}},"12":{"start":{"line":56,"column":4},"end":{"line":59,"column":null}},"13":{"start":{"line":57,"column":6},"end":{"line":57,"column":null}},"14":{"start":{"line":58,"column":6},"end":{"line":58,"column":null}},"15":{"start":{"line":62,"column":2},"end":{"line":68,"column":null}},"16":{"start":{"line":64,"column":4},"end":{"line":67,"column":null}},"17":{"start":{"line":65,"column":6},"end":{"line":65,"column":null}},"18":{"start":{"line":66,"column":6},"end":{"line":66,"column":null}},"19":{"start":{"line":70,"column":2},"end":{"line":77,"column":null}},"20":{"start":{"line":75,"column":4},"end":{"line":75,"column":null}},"21":{"start":{"line":76,"column":4},"end":{"line":76,"column":null}},"22":{"start":{"line":79,"column":2},"end":{"line":81,"column":null}},"23":{"start":{"line":80,"column":4},"end":{"line":80,"column":null}},"24":{"start":{"line":17,"column":9},"end":{"line":17,"column":null}},"25":{"start":{"line":18,"column":9},"end":{"line":18,"column":null}},"26":{"start":{"line":19,"column":9},"end":{"line":19,"column":null}},"27":{"start":{"line":82,"column":0},"end":{"line":82,"column":null}},"28":{"start":{"line":16,"column":21},"end":{"line":16,"column":null}}},"fnMap":{"0":{"name":"(anonymous_0)","decl":{"start":{"line":16,"column":0},"end":{"line":16,"column":21}},"loc":{"start":{"line":16,"column":0},"end":{"line":16,"column":21}}},"1":{"name":"MPromise","decl":{"start":{"line":24,"column":2},"end":{"line":24,"column":14}},"loc":{"start":{"line":24,"column":39},"end":{"line":43,"column":3}}},"2":{"name":"(anonymous_2)","decl":{"start":{"line":49,"column":2},"end":{"line":49,"column":13}},"loc":{"start":{"line":49,"column":2},"end":{"line":52,"column":3}}},"3":{"name":"(anonymous_3)","decl":{"start":{"line":54,"column":2},"end":{"line":54,"column":9}},"loc":{"start":{"line":54,"column":31},"end":{"line":60,"column":3}}},"4":{"name":"(anonymous_4)","decl":{"start":{"line":62,"column":2},"end":{"line":62,"column":8}},"loc":{"start":{"line":62,"column":30},"end":{"line":68,"column":3}}},"5":{"name":"(anonymous_5)","decl":{"start":{"line":70,"column":2},"end":{"line":70,"column":6}},"loc":{"start":{"line":72,"column":51},"end":{"line":77,"column":3}}},"6":{"name":"(anonymous_6)","decl":{"start":{"line":79,"column":2},"end":{"line":79,"column":7}},"loc":{"start":{"line":79,"column":45},"end":{"line":81,"column":3}}}},"branchMap":{"0":{"loc":{"start":{"line":56,"column":4},"end":{"line":59,"column":null}},"type":"if","locations":[{"start":{"line":56,"column":4},"end":{"line":59,"column":null}},{"start":{"line":56,"column":4},"end":{"line":59,"column":null}}]},"1":{"loc":{"start":{"line":64,"column":4},"end":{"line":67,"column":null}},"type":"if","locations":[{"start":{"line":64,"column":4},"end":{"line":67,"column":null}},{"start":{"line":64,"column":4},"end":{"line":67,"column":null}}]},"2":{"loc":{"start":{"line":75,"column":4},"end":{"line":75,"column":20}},"type":"binary-expr","locations":[{"start":{"line":75,"column":4},"end":{"line":75,"column":20}},{"start":{"line":75,"column":24},"end":{"line":75,"column":60}}]},"3":{"loc":{"start":{"line":76,"column":4},"end":{"line":76,"column":20}},"type":"binary-expr","locations":[{"start":{"line":76,"column":4},"end":{"line":76,"column":20}},{"start":{"line":76,"column":24},"end":{"line":76,"column":60}}]}},"s":{"0":2,"1":5,"2":5,"3":5,"4":5,"5":5,"6":5,"7":2,"8":2,"9":5,"10":5,"11":2,"12":2,"13":1,"14":1,"15":2,"16":4,"17":3,"18":3,"19":2,"20":4,"21":3,"22":2,"23":1,"24":2,"25":2,"26":2,"27":2,"28":2},"f":{"0":2,"1":5,"2":5,"3":2,"4":4,"5":4,"6":1},"b":{"0":[1,1],"1":[3,1],"2":[4,2],"3":[3,2]}}
}
