TN:
SF:src/toyPromise.ts
FN:16,(anonymous_0)
FN:24,MPromise
FN:49,(anonymous_2)
FN:54,(anonymous_3)
FN:62,(anonymous_4)
FN:70,(anonymous_5)
FN:79,(anonymous_6)
FNF:7
FNH:7
FNDA:2,(anonymous_0)
FNDA:5,MPromise
FNDA:5,(anonymous_2)
FNDA:2,(anonymous_3)
FNDA:4,(anonymous_4)
FNDA:4,(anonymous_5)
FNDA:1,(anonymous_6)
DA:16,2
DA:17,2
DA:18,2
DA:19,2
DA:26,5
DA:29,5
DA:32,5
DA:33,5
DA:38,5
DA:39,5
DA:41,2
DA:49,2
DA:50,5
DA:51,5
DA:54,2
DA:56,2
DA:57,1
DA:58,1
DA:62,2
DA:64,4
DA:65,3
DA:66,3
DA:70,2
DA:75,4
DA:76,3
DA:79,2
DA:80,1
DA:82,2
LF:28
LH:28
BRDA:56,0,0,1
BRDA:56,0,1,1
BRDA:64,1,0,3
BRDA:64,1,1,1
BRDA:75,2,0,4
BRDA:75,2,1,2
BRDA:76,3,0,3
BRDA:76,3,1,2
BRF:8
BRH:8
end_of_record
